<?xml version="1.0" encoding="UTF-8"?>
<!-- Generated by org.testng.reporters.JUnitReportReporter -->
<testsuite hostname="22f7273db68d" failures="0" tests="6" name="org.example.tests.vendorportal.VendorPortalTest" time="75.283" errors="0" timestamp="2023-10-02T06:26:19 GMT" skipped="0">
  <testcase classname="org.example.tests.vendorportal.VendorPortalTest" name="loginTest" time="7.428"/>
  <testcase classname="org.example.tests.vendorportal.VendorPortalTest" name="loginTest" time="7.330"/>
  <testcase classname="org.example.tests.vendorportal.VendorPortalTest" name="dashboardTest" time="20.066"/>
  <testcase classname="org.example.tests.vendorportal.VendorPortalTest" name="loginTest" time="7.343"/>
  <testcase classname="org.example.tests.vendorportal.VendorPortalTest" name="dashboardTest" time="14.714"/>
  <testcase classname="org.example.tests.vendorportal.VendorPortalTest" name="dashboardTest" time="18.402"/>
</testsuite> <!-- org.example.tests.vendorportal.VendorPortalTest -->
